<?xml version="1.0" encoding="UTF-8"?>
<!-- Generated by org.testng.reporters.JUnitXMLReporter -->
<testsuite ignored="0" hostname="LAPTOP-VNJ72OJB" failures="0" tests="1" name="FirefoxTest" time="0.324" errors="0" timestamp="2023-03-29T11:53:27 IST">
  <testcase classname="testngExecution.ActiTimeValidLogin" name="@AfterMethod close" time="0.085">
    <failure type="java.lang.NullPointerException" message="Cannot invoke &amp;quot;org.openqa.selenium.WebDriver.quit()&amp;quot; because &amp;quot;testngExecution.ActiTimeValidLogin.driver&amp;quot; is null">
      <![CDATA[java.lang.NullPointerException: Cannot invoke "org.openqa.selenium.WebDriver.quit()" because "testngExecution.ActiTimeValidLogin.driver" is null
at testngExecution.ActiTimeValidLogin.close(ActiTimeValidLogin.java:61)
at java.base/java.util.ArrayList.forEach(ArrayList.java:1511)
at java.base/java.util.concurrent.FutureTask.run(FutureTask.java:317)
at java.base/java.util.concurrent.ThreadPoolExecutor.runWorker(ThreadPoolExecutor.java:1144)
at java.base/java.util.concurrent.ThreadPoolExecutor$Worker.run(ThreadPoolExecutor.java:642)
at java.base/java.lang.Thread.run(Thread.java:1589)
... Removed 21 stack frames]]>
    </failure>
  </testcase> <!-- @AfterMethod close -->
  <testcase classname="testngExecution.ActiTimeValidLogin" name="validLogin" time="0.031"/>
</testsuite> <!-- FirefoxTest -->
