<?xml version="1.0" encoding="UTF-8"?>
<!-- Generated by org.testng.reporters.JUnitXMLReporter -->
<testsuite ignored="1" hostname="LAPTOP-VNJ72OJB" failures="1" tests="1" name="Test(failed)" time="0.164" errors="0" timestamp="2023-03-26T12:11:55 IST">
  <testcase classname="testNG_Package.Demo1" name="f" time="0.021">
    <failure type="java.lang.ArithmeticException" message="/ by zero">
      <![CDATA[java.lang.ArithmeticException: / by zero
at testNG_Package.Demo1.f(Demo1.java:12)
at java.base/java.util.ArrayList.forEach(ArrayList.java:1511)
... Removed 25 stack frames]]>
    </failure>
  </testcase> <!-- f -->
  <testcase classname="testNG_Package.Demo1" name="w" time="0.0">
    <ignored/>
  </testcase> <!-- w -->
</testsuite> <!-- Test(failed) -->
